# JRE version: OpenJDK Runtime Environment (21.0.6) (build 21.0.6+-13391695-b895.109)
# Java VM: OpenJDK 64-Bit Server VM (21.0.6+-13391695-b895.109, mixed mode, tiered, compressed oops, compressed class ptrs, g1 gc, windows-amd64)
GC Precious Log:
 CardTable entry size: 512
 Card Set container configuration: InlinePtr #cards 5 size 8 Array Of Cards #cards 12 size 40 Howl #buckets 4 coarsen threshold 1843 Howl Bitmap #cards 512 size 80 coarsen threshold 460 Card regions per heap region 1 cards per card region 2048
 CPUs: 12 total, 12 available
 Memory: 32400M
 Large Page Support: Disabled
 NUMA Support: Disabled
 Compressed Oops: Enabled (32-bit)
 Heap Region Size: 1M
 Heap Min Capacity: 8M
 Heap Initial Capacity: 508M
 Heap Max Capacity: 2G
 Pre-touch: Disabled
 Parallel Workers: 10
 Concurrent Workers: 3
 Concurrent Refinement Workers: 10
 Periodic GC: Disabled
Heap:
 garbage-first heap   total 79872K, used 49624K [0x0000000080000000, 0x0000000100000000)
  region size 1024K, 25 young (25600K), 6 survivors (6144K)
 Metaspace       used 44437K, committed 45440K, reserved 1114112K
  class space    used 5710K, committed 6208K, reserved 1048576K
GC Heap History (16 events):
Event: 1.476 GC heap before
{Heap before GC invocations=0 (full 0):
 garbage-first heap   total 520192K, used 25600K [0x0000000080000000, 0x0000000100000000)
  region size 1024K, 25 young (25600K), 0 survivors (0K)
 Metaspace       used 7984K, committed 8128K, reserved 1114112K
  class space    used 709K, committed 768K, reserved 1048576K
}
Event: 1.498 GC heap after
{Heap after GC invocations=1 (full 0):
 garbage-first heap   total 520192K, used 3680K [0x0000000080000000, 0x0000000100000000)
  region size 1024K, 4 young (4096K), 4 survivors (4096K)
 Metaspace       used 7984K, committed 8128K, reserved 1114112K
  class space    used 709K, committed 768K, reserved 1048576K
}
Event: 3.078 GC heap before
{Heap before GC invocations=1 (full 0):
 garbage-first heap   total 520192K, used 39520K [0x0000000080000000, 0x0000000100000000)
  region size 1024K, 37 young (37888K), 4 survivors (4096K)
 Metaspace       used 12196K, committed 12352K, reserved 1114112K
  class space    used 1284K, committed 1344K, reserved 1048576K
}
Event: 3.104 GC heap after
{Heap after GC invocations=2 (full 0):
 garbage-first heap   total 520192K, used 10728K [0x0000000080000000, 0x0000000100000000)
  region size 1024K, 5 young (5120K), 5 survivors (5120K)
 Metaspace       used 12196K, committed 12352K, reserved 1114112K
  class space    used 1284K, committed 1344K, reserved 1048576K
}
Event: 3.661 GC heap before
{Heap before GC invocations=2 (full 0):
 garbage-first heap   total 520192K, used 53736K [0x0000000080000000, 0x0000000100000000)
  region size 1024K, 45 young (46080K), 5 survivors (5120K)
 Metaspace       used 12455K, committed 12672K, reserved 1114112K
  class space    used 1317K, committed 1408K, reserved 1048576K
}
Event: 3.670 GC heap after
{Heap after GC invocations=3 (full 0):
 garbage-first heap   total 520192K, used 16297K [0x0000000080000000, 0x0000000100000000)
  region size 1024K, 5 young (5120K), 5 survivors (5120K)
 Metaspace       used 12455K, committed 12672K, reserved 1114112K
  class space    used 1317K, committed 1408K, reserved 1048576K
}
Event: 5.024 GC heap before
{Heap before GC invocations=3 (full 0):
 garbage-first heap   total 520192K, used 49065K [0x0000000080000000, 0x0000000100000000)
  region size 1024K, 38 young (38912K), 5 survivors (5120K)
 Metaspace       used 21175K, committed 21504K, reserved 1114112K
  class space    used 2449K, committed 2624K, reserved 1048576K
}
Event: 5.030 GC heap after
{Heap after GC invocations=4 (full 0):
 garbage-first heap   total 520192K, used 20013K [0x0000000080000000, 0x0000000100000000)
  region size 1024K, 8 young (8192K), 8 survivors (8192K)
 Metaspace       used 21175K, committed 21504K, reserved 1114112K
  class space    used 2449K, committed 2624K, reserved 1048576K
}
Event: 7.422 GC heap before
{Heap before GC invocations=5 (full 0):
 garbage-first heap   total 68608K, used 67117K [0x0000000080000000, 0x0000000100000000)
  region size 1024K, 55 young (56320K), 8 survivors (8192K)
 Metaspace       used 28708K, committed 29248K, reserved 1114112K
  class space    used 3621K, committed 3840K, reserved 1048576K
}
Event: 7.433 GC heap after
{Heap after GC invocations=6 (full 0):
 garbage-first heap   total 79872K, used 22799K [0x0000000080000000, 0x0000000100000000)
  region size 1024K, 11 young (11264K), 11 survivors (11264K)
 Metaspace       used 28708K, committed 29248K, reserved 1114112K
  class space    used 3621K, committed 3840K, reserved 1048576K
}
Event: 8.617 GC heap before
{Heap before GC invocations=6 (full 0):
 garbage-first heap   total 79872K, used 57615K [0x0000000080000000, 0x0000000100000000)
  region size 1024K, 46 young (47104K), 11 survivors (11264K)
 Metaspace       used 33183K, committed 34048K, reserved 1114112K
  class space    used 4386K, committed 4800K, reserved 1048576K
}
Event: 8.626 GC heap after
{Heap after GC invocations=7 (full 0):
 garbage-first heap   total 79872K, used 24946K [0x0000000080000000, 0x0000000100000000)
  region size 1024K, 6 young (6144K), 6 survivors (6144K)
 Metaspace       used 33183K, committed 34048K, reserved 1114112K
  class space    used 4386K, committed 4800K, reserved 1048576K
}
Event: 9.011 GC heap before
{Heap before GC invocations=7 (full 0):
 garbage-first heap   total 79872K, used 37234K [0x0000000080000000, 0x0000000100000000)
  region size 1024K, 20 young (20480K), 6 survivors (6144K)
 Metaspace       used 35270K, committed 36096K, reserved 1114112K
  class space    used 4711K, committed 5120K, reserved 1048576K
}
Event: 9.018 GC heap after
{Heap after GC invocations=8 (full 0):
 garbage-first heap   total 79872K, used 25698K [0x0000000080000000, 0x0000000100000000)
  region size 1024K, 4 young (4096K), 4 survivors (4096K)
 Metaspace       used 35270K, committed 36096K, reserved 1114112K
  class space    used 4711K, committed 5120K, reserved 1048576K
}
Event: 10.243 GC heap before
{Heap before GC invocations=9 (full 0):
 garbage-first heap   total 79872K, used 66658K [0x0000000080000000, 0x0000000100000000)
  region size 1024K, 45 young (46080K), 4 survivors (4096K)
 Metaspace       used 42335K, committed 43264K, reserved 1114112K
  class space    used 5509K, committed 5952K, reserved 1048576K
}
Event: 10.252 GC heap after
{Heap after GC invocations=10 (full 0):
 garbage-first heap   total 79872K, used 30168K [0x0000000080000000, 0x0000000100000000)
  region size 1024K, 6 young (6144K), 6 survivors (6144K)
 Metaspace       used 42335K, committed 43264K, reserved 1114112K
  class space    used 5509K, committed 5952K, reserved 1048576K
}

